SIMBOLOS r=2
  (00|0|00) -> 1
  (00|0|01) -> 1
  (00|0|10) -> 1
  (00|0|11) -> 1
  (00|1|00) -> 1
  (00|1|01) -> 1
  (00|1|10) -> 1
  (00|1|11) -> 1
  (01|0|00) -> 1
  (01|0|01) -> 1
  (01|0|10) -> 0
  (01|0|11) -> 0
  (01|1|00) -> 1
  (01|1|01) -> 0
  (01|1|10) -> 0
  (01|1|11) -> 1
  (10|0|00) -> 0
  (10|0|01) -> 0
  (10|0|10) -> 0
  (10|0|11) -> 0
  (10|1|00) -> 0
  (10|1|01) -> 0
  (10|1|10) -> 0
  (10|1|11) -> 0
  (11|0|00) -> 1
  (11|0|01) -> 0
  (11|0|10) -> 1
  (11|0|11) -> 0
  (11|1|00) -> 1
  (11|1|01) -> 1
  (11|1|10) -> 0
  (11|1|11) -> 0

ESTADOS sigma (involucion)
  1D -> 3G
  1D' -> 1D'
  1G -> 3D'
  1G' -> 1G'
  3D -> 3G'
  3D' -> 1G
  3G -> 1D
  3G' -> 3D

x#0 H∘H(x) != x
x    = (000000000; head=0; state=1D)
Hx   = (111111111; head=0; state=3G)
HHx  = (110000001; head=0; state=1D)
