SIMBOLOS r=1
  (0|0|0) -> 0
  (0|0|1) -> 0
  (0|1|0) -> 1
  (0|1|1) -> 1
  (1|0|0) -> 0
  (1|0|1) -> 0
  (1|1|0) -> 1
  (1|1|1) -> 1

ESTADOS sigma (involucion)
  1D -> 3G
  1D' -> 1G'
  1G -> 1G
  1G' -> 1D'
  3D -> 3G'
  3D' -> 3D'
  3G -> 1D
  3G' -> 3D

x#0 ok H∘H | x=(00000;0;1D) | Hx=(00000;0;3G) | HHx=(00000;0;1D)
x#12 ok H∘H | x=(00000;1;3D) | Hx=(00000;1;3G') | HHx=(00000;1;3D)
x#24 ok H∘H | x=(00000;3;1D) | Hx=(00000;3;3G) | HHx=(00000;3;1D)
x#36 ok H∘H | x=(00000;4;3D) | Hx=(00000;4;3G') | HHx=(00000;4;3D)
x#48 ok H∘H | x=(00001;1;1D) | Hx=(00001;1;3G) | HHx=(00001;1;1D)
x#60 ok H∘H | x=(00001;2;3D) | Hx=(00001;2;3G') | HHx=(00001;2;3D)
x#72 ok H∘H | x=(00001;4;1D) | Hx=(00001;4;3G) | HHx=(00001;4;1D)
x#84 ok H∘H | x=(00010;0;3D) | Hx=(00010;0;3G') | HHx=(00010;0;3D)
x#96 ok H∘H | x=(00010;2;1D) | Hx=(00010;2;3G) | HHx=(00010;2;1D)
x#108 ok H∘H | x=(00010;3;3D) | Hx=(00010;3;3G') | HHx=(00010;3;3D)
x#120 ok H∘H | x=(00011;0;1D) | Hx=(00011;0;3G) | HHx=(00011;0;1D)
x#132 ok H∘H | x=(00011;1;3D) | Hx=(00011;1;3G') | HHx=(00011;1;3D)
x#144 ok H∘H | x=(00011;3;1D) | Hx=(00011;3;3G) | HHx=(00011;3;1D)
x#156 ok H∘H | x=(00011;4;3D) | Hx=(00011;4;3G') | HHx=(00011;4;3D)
x#168 ok H∘H | x=(00100;1;1D) | Hx=(00100;1;3G) | HHx=(00100;1;1D)
x#180 ok H∘H | x=(00100;2;3D) | Hx=(00100;2;3G') | HHx=(00100;2;3D)
x#192 ok H∘H | x=(00100;4;1D) | Hx=(00100;4;3G) | HHx=(00100;4;1D)
x#204 ok H∘H | x=(00101;0;3D) | Hx=(00101;0;3G') | HHx=(00101;0;3D)
x#216 ok H∘H | x=(00101;2;1D) | Hx=(00101;2;3G) | HHx=(00101;2;1D)
x#228 ok H∘H | x=(00101;3;3D) | Hx=(00101;3;3G') | HHx=(00101;3;3D)
x#240 ok H∘H | x=(00110;0;1D) | Hx=(00110;0;3G) | HHx=(00110;0;1D)
x#252 ok H∘H | x=(00110;1;3D) | Hx=(00110;1;3G') | HHx=(00110;1;3D)
x#264 ok H∘H | x=(00110;3;1D) | Hx=(00110;3;3G) | HHx=(00110;3;1D)
x#276 ok H∘H | x=(00110;4;3D) | Hx=(00110;4;3G') | HHx=(00110;4;3D)
x#288 ok H∘H | x=(00111;1;1D) | Hx=(00111;1;3G) | HHx=(00111;1;1D)
x#300 ok H∘H | x=(00111;2;3D) | Hx=(00111;2;3G') | HHx=(00111;2;3D)
x#312 ok H∘H | x=(00111;4;1D) | Hx=(00111;4;3G) | HHx=(00111;4;1D)
x#324 ok H∘H | x=(01000;0;3D) | Hx=(01000;0;3G') | HHx=(01000;0;3D)
x#336 ok H∘H | x=(01000;2;1D) | Hx=(01000;2;3G) | HHx=(01000;2;1D)
x#348 ok H∘H | x=(01000;3;3D) | Hx=(01000;3;3G') | HHx=(01000;3;3D)
x#360 ok H∘H | x=(01001;0;1D) | Hx=(01001;0;3G) | HHx=(01001;0;1D)
x#372 ok H∘H | x=(01001;1;3D) | Hx=(01001;1;3G') | HHx=(01001;1;3D)
x#384 ok H∘H | x=(01001;3;1D) | Hx=(01001;3;3G) | HHx=(01001;3;1D)
x#396 ok H∘H | x=(01001;4;3D) | Hx=(01001;4;3G') | HHx=(01001;4;3D)
x#408 ok H∘H | x=(01010;1;1D) | Hx=(01010;1;3G) | HHx=(01010;1;1D)
x#420 ok H∘H | x=(01010;2;3D) | Hx=(01010;2;3G') | HHx=(01010;2;3D)
x#432 ok H∘H | x=(01010;4;1D) | Hx=(01010;4;3G) | HHx=(01010;4;1D)
x#444 ok H∘H | x=(01011;0;3D) | Hx=(01011;0;3G') | HHx=(01011;0;3D)
x#456 ok H∘H | x=(01011;2;1D) | Hx=(01011;2;3G) | HHx=(01011;2;1D)
x#468 ok H∘H | x=(01011;3;3D) | Hx=(01011;3;3G') | HHx=(01011;3;3D)
x#480 ok H∘H | x=(01100;0;1D) | Hx=(01100;0;3G) | HHx=(01100;0;1D)
x#492 ok H∘H | x=(01100;1;3D) | Hx=(01100;1;3G') | HHx=(01100;1;3D)
x#504 ok H∘H | x=(01100;3;1D) | Hx=(01100;3;3G) | HHx=(01100;3;1D)
x#516 ok H∘H | x=(01100;4;3D) | Hx=(01100;4;3G') | HHx=(01100;4;3D)
x#528 ok H∘H | x=(01101;1;1D) | Hx=(01101;1;3G) | HHx=(01101;1;1D)
x#540 ok H∘H | x=(01101;2;3D) | Hx=(01101;2;3G') | HHx=(01101;2;3D)
x#552 ok H∘H | x=(01101;4;1D) | Hx=(01101;4;3G) | HHx=(01101;4;1D)
x#564 ok H∘H | x=(01110;0;3D) | Hx=(01110;0;3G') | HHx=(01110;0;3D)
x#576 ok H∘H | x=(01110;2;1D) | Hx=(01110;2;3G) | HHx=(01110;2;1D)
x#588 ok H∘H | x=(01110;3;3D) | Hx=(01110;3;3G') | HHx=(01110;3;3D)
x#600 ok H∘H | x=(01111;0;1D) | Hx=(01111;0;3G) | HHx=(01111;0;1D)
x#612 ok H∘H | x=(01111;1;3D) | Hx=(01111;1;3G') | HHx=(01111;1;3D)
x#624 ok H∘H | x=(01111;3;1D) | Hx=(01111;3;3G) | HHx=(01111;3;1D)
x#636 ok H∘H | x=(01111;4;3D) | Hx=(01111;4;3G') | HHx=(01111;4;3D)
x#648 ok H∘H | x=(10000;1;1D) | Hx=(10000;1;3G) | HHx=(10000;1;1D)
x#660 ok H∘H | x=(10000;2;3D) | Hx=(10000;2;3G') | HHx=(10000;2;3D)
x#672 ok H∘H | x=(10000;4;1D) | Hx=(10000;4;3G) | HHx=(10000;4;1D)
x#684 ok H∘H | x=(10001;0;3D) | Hx=(10001;0;3G') | HHx=(10001;0;3D)
x#696 ok H∘H | x=(10001;2;1D) | Hx=(10001;2;3G) | HHx=(10001;2;1D)
x#708 ok H∘H | x=(10001;3;3D) | Hx=(10001;3;3G') | HHx=(10001;3;3D)
x#720 ok H∘H | x=(10010;0;1D) | Hx=(10010;0;3G) | HHx=(10010;0;1D)
x#732 ok H∘H | x=(10010;1;3D) | Hx=(10010;1;3G') | HHx=(10010;1;3D)
x#744 ok H∘H | x=(10010;3;1D) | Hx=(10010;3;3G) | HHx=(10010;3;1D)
x#756 ok H∘H | x=(10010;4;3D) | Hx=(10010;4;3G') | HHx=(10010;4;3D)
x#768 ok H∘H | x=(10011;1;1D) | Hx=(10011;1;3G) | HHx=(10011;1;1D)
x#780 ok H∘H | x=(10011;2;3D) | Hx=(10011;2;3G') | HHx=(10011;2;3D)
x#792 ok H∘H | x=(10011;4;1D) | Hx=(10011;4;3G) | HHx=(10011;4;1D)
x#804 ok H∘H | x=(10100;0;3D) | Hx=(10100;0;3G') | HHx=(10100;0;3D)
x#816 ok H∘H | x=(10100;2;1D) | Hx=(10100;2;3G) | HHx=(10100;2;1D)
x#828 ok H∘H | x=(10100;3;3D) | Hx=(10100;3;3G') | HHx=(10100;3;3D)
x#840 ok H∘H | x=(10101;0;1D) | Hx=(10101;0;3G) | HHx=(10101;0;1D)
x#852 ok H∘H | x=(10101;1;3D) | Hx=(10101;1;3G') | HHx=(10101;1;3D)
x#864 ok H∘H | x=(10101;3;1D) | Hx=(10101;3;3G) | HHx=(10101;3;1D)
x#876 ok H∘H | x=(10101;4;3D) | Hx=(10101;4;3G') | HHx=(10101;4;3D)
x#888 ok H∘H | x=(10110;1;1D) | Hx=(10110;1;3G) | HHx=(10110;1;1D)
x#900 ok H∘H | x=(10110;2;3D) | Hx=(10110;2;3G') | HHx=(10110;2;3D)
x#912 ok H∘H | x=(10110;4;1D) | Hx=(10110;4;3G) | HHx=(10110;4;1D)
x#924 ok H∘H | x=(10111;0;3D) | Hx=(10111;0;3G') | HHx=(10111;0;3D)
x#936 ok H∘H | x=(10111;2;1D) | Hx=(10111;2;3G) | HHx=(10111;2;1D)
x#948 ok H∘H | x=(10111;3;3D) | Hx=(10111;3;3G') | HHx=(10111;3;3D)
x#960 ok H∘H | x=(11000;0;1D) | Hx=(11000;0;3G) | HHx=(11000;0;1D)
x#972 ok H∘H | x=(11000;1;3D) | Hx=(11000;1;3G') | HHx=(11000;1;3D)
x#984 ok H∘H | x=(11000;3;1D) | Hx=(11000;3;3G) | HHx=(11000;3;1D)
x#996 ok H∘H | x=(11000;4;3D) | Hx=(11000;4;3G') | HHx=(11000;4;3D)
x#1008 ok H∘H | x=(11001;1;1D) | Hx=(11001;1;3G) | HHx=(11001;1;1D)
x#1020 ok H∘H | x=(11001;2;3D) | Hx=(11001;2;3G') | HHx=(11001;2;3D)
x#1032 ok H∘H | x=(11001;4;1D) | Hx=(11001;4;3G) | HHx=(11001;4;1D)
x#1044 ok H∘H | x=(11010;0;3D) | Hx=(11010;0;3G') | HHx=(11010;0;3D)
x#1056 ok H∘H | x=(11010;2;1D) | Hx=(11010;2;3G) | HHx=(11010;2;1D)
x#1068 ok H∘H | x=(11010;3;3D) | Hx=(11010;3;3G') | HHx=(11010;3;3D)
x#1080 ok H∘H | x=(11011;0;1D) | Hx=(11011;0;3G) | HHx=(11011;0;1D)
x#1092 ok H∘H | x=(11011;1;3D) | Hx=(11011;1;3G') | HHx=(11011;1;3D)
x#1104 ok H∘H | x=(11011;3;1D) | Hx=(11011;3;3G) | HHx=(11011;3;1D)
x#1116 ok H∘H | x=(11011;4;3D) | Hx=(11011;4;3G') | HHx=(11011;4;3D)
x#1128 ok H∘H | x=(11100;1;1D) | Hx=(11100;1;3G) | HHx=(11100;1;1D)
x#1140 ok H∘H | x=(11100;2;3D) | Hx=(11100;2;3G') | HHx=(11100;2;3D)
x#1152 ok H∘H | x=(11100;4;1D) | Hx=(11100;4;3G) | HHx=(11100;4;1D)
x#1164 ok H∘H | x=(11101;0;3D) | Hx=(11101;0;3G') | HHx=(11101;0;3D)
x#1176 ok H∘H | x=(11101;2;1D) | Hx=(11101;2;3G) | HHx=(11101;2;1D)
x#1188 ok H∘H | x=(11101;3;3D) | Hx=(11101;3;3G') | HHx=(11101;3;3D)
x#0 no cumple T^-1 = H∘T∘H
x     = (00000;0;1D)
Hx    = (00000;0;3G)
THx   = (00000;-1;1G)
HTHx  = (00000;-1;1G)
Tinvx = (00000;-1;3D)
